#
# There is insufficient memory for the Java Runtime Environment to continue.
# Native memory allocation (mmap) failed to map 134217728 bytes. Error detail: G1 virtual space
# Possible reasons:
#   The system is out of physical RAM or swap space
#   This process is running with CompressedOops enabled, and the Java Heap may be blocking the growth of the native heap
# Possible solutions:
#   Reduce memory load on the system
#   Increase physical memory or swap space
#   Check if swap backing store is full
#   Decrease Java heap size (-Xmx/-Xms)
#   Decrease number of Java threads
#   Decrease Java thread stack sizes (-Xss)
#   Set larger code cache with -XX:ReservedCodeCacheSize=
#   JVM is running with Unscaled Compressed Oops mode in which the Java heap is
#     placed in the first 4GB address space. The Java Heap base address is the
#     maximum limit for the native heap growth. Please use -XX:HeapBaseMinAddress
#     to set the Java Heap base and to place the Java Heap above 4GB virtual address.
# This output file may be truncated or incomplete.
#
#  Out of Memory Error (os_windows.cpp:3703), pid=36268, tid=36628
#
# JRE version:  (23.0.1+11) (build )
# Java VM: Java HotSpot(TM) 64-Bit Server VM (23.0.1+11-39, mixed mode, sharing, tiered, compressed oops, compressed class ptrs, g1 gc, windows-amd64)
# No core dump will be written. Minidumps are not enabled by default on client versions of Windows
#

---------------  S U M M A R Y ------------

Command Line: -Dmaven.multiModuleProjectDirectory=C:\Users\HP\IdeaProjects\website\web_library -Djansi.passthrough=true -Dmaven.home=C:\Program Files\JetBrains\IntelliJ IDEA 2023.1.2\plugins\maven\lib\maven3 -Dclassworlds.conf=C:\Program Files\JetBrains\IntelliJ IDEA 2023.1.2\plugins\maven\lib\maven3\bin\m2.conf -Dmaven.ext.class.path=C:\Program Files\JetBrains\IntelliJ IDEA 2023.1.2\plugins\maven\lib\maven-event-listener.jar -javaagent:C:\Program Files\JetBrains\IntelliJ IDEA 2023.1.2\lib\idea_rt.jar=59302:C:\Program Files\JetBrains\IntelliJ IDEA 2023.1.2\bin -Dfile.encoding=UTF-8 -Dsun.stdout.encoding=UTF-8 -Dsun.stderr.encoding=UTF-8 org.codehaus.classworlds.Launcher -Didea.version=2023.1.7 clean

Host: Intel(R) Core(TM) i7-6600U CPU @ 2.60GHz, 4 cores, 7G,  Windows 10 , 64 bit Build 19041 (10.0.19041.5794)
Time: Wed Jun  4 11:05:38 2025 E. Africa Standard Time elapsed time: 0.032761 seconds (0d 0h 0m 0s)

---------------  T H R E A D  ---------------

Current thread (0x0000028b54963110):  JavaThread "Unknown thread" [_thread_in_vm, id=36628, stack(0x0000009efbe00000,0x0000009efbf00000) (1024K)]

Stack: [0x0000009efbe00000,0x0000009efbf00000]
Native frames: (J=compiled Java code, j=interpreted, Vv=VM code, C=native code)
V  [jvm.dll+0x6e08b9]  (no source info available)
V  [jvm.dll+0x87dc83]  (no source info available)
V  [jvm.dll+0x88010e]  (no source info available)
V  [jvm.dll+0x8807e3]  (no source info available)
V  [jvm.dll+0x27aee6]  (no source info available)
V  [jvm.dll+0x6dd1c5]  (no source info available)
V  [jvm.dll+0x6d104a]  (no source info available)
V  [jvm.dll+0x35b3ea]  (no source info available)
V  [jvm.dll+0x3637f6]  (no source info available)
V  [jvm.dll+0x34fd5e]  (no source info available)
V  [jvm.dll+0x34fff8]  (no source info available)
V  [jvm.dll+0x3289cc]  (no source info available)
V  [jvm.dll+0x32966e]  (no source info available)
V  [jvm.dll+0x844355]  (no source info available)
V  [jvm.dll+0x3b9848]  (no source info available)
V  [jvm.dll+0x82d14c]  (no source info available)
V  [jvm.dll+0x454d4e]  (no source info available)
V  [jvm.dll+0x456bd1]  (no source info available)
C  [jli.dll+0x52a3]  (no source info available)
C  [ucrtbase.dll+0x21bb2]  (no source info available)
C  [KERNEL32.DLL+0x17374]  (no source info available)
C  [ntdll.dll+0x4cc91]  (no source info available)

Lock stack of current Java thread (top to bottom):


---------------  P R O C E S S  ---------------

Threads class SMR info:
_java_thread_list=0x00007ffa6be33618, length=0, elements={
}

Java Threads: ( => current thread )
Total: 0

Other Threads:
  0x0000028b549b9e90 WorkerThread "GC Thread#0"                     [id=1636, stack(0x0000009efbf00000,0x0000009efc000000) (1024K)]
  0x0000028b549ceb40 ConcurrentGCThread "G1 Main Marker"            [id=35972, stack(0x0000009efc000000,0x0000009efc100000) (1024K)]
  0x0000028b549cfd00 WorkerThread "G1 Conc#0"                       [id=32600, stack(0x0000009efc100000,0x0000009efc200000) (1024K)]

[error occurred during error reporting (printing all threads), id 0xc0000005, EXCEPTION_ACCESS_VIOLATION (0xc0000005) at pc=0x00007ffa6b57bfba]
VM state: not at safepoint (not fully initialized)

VM Mutex/Monitor currently owned by a thread:  ([mutex/lock_event])
[0x00007ffa6beb3a10] Heap_lock - owner thread: 0x0000028b54963110

Heap address: 0x0000000081c00000, size: 2020 MB, Compressed Oops mode: 32-bit

CDS archive(s) mapped at: [0x0000000000000000-0x0000000000000000-0x0000000000000000), size 0, SharedBaseAddress: 0x0000000800000000, ArchiveRelocationMode: 1.
Narrow klass base: 0x0000000000000000, Narrow klass shift: 0, Narrow klass range: 0x0

GC Precious Log:
 CardTable entry size: 512
 Card Set container configuration: InlinePtr #cards 5 size 8 Array Of Cards #cards 10 size 36 Howl #buckets 4 coarsen threshold 1843 Howl Bitmap #cards 512 size 80 coarsen threshold 460 Card regions per heap region 1 cards per card region 2048

Heap:
 garbage-first heap   total reserved 2068480K, committed 0K, used 0K [0x0000000081c00000, 0x0000000100000000)
  region size 1024K, 0 young (0K), 0 survivors (0K)

[error occurred during error reporting (printing heap information), id 0xc0000005, EXCEPTION_ACCESS_VIOLATION (0xc0000005) at pc=0x00007ffa6b97c3c9]
GC Heap History (0 events):
No events

Dll operation events (1 events):
Event: 0.026 Loaded shared library C:\Program Files\Java\jdk-23\bin\java.dll

Deoptimization events (0 events):
No events

Classes loaded (0 events):
No events

Classes unloaded (0 events):
No events

Classes redefined (0 events):
No events

Internal exceptions (0 events):
No events

VM Operations (0 events):
No events

Memory protections (0 events):
No events

Nmethod flushes (0 events):
No events

Events (0 events):
No events


Dynamic libraries:
0x00007ff6a6130000 - 0x00007ff6a6140000 	C:\Program Files\Java\jdk-23\bin\java.exe
0x00007ffab7630000 - 0x00007ffab7828000 	C:\WINDOWS\SYSTEM32\ntdll.dll
0x00007ffab5f70000 - 0x00007ffab6032000 	C:\WINDOWS\System32\KERNEL32.DLL
0x00007ffab5250000 - 0x00007ffab5546000 	C:\WINDOWS\System32\KERNELBASE.dll
0x00007ffab4f40000 - 0x00007ffab5040000 	C:\WINDOWS\System32\ucrtbase.dll
0x00007ffaaeb30000 - 0x00007ffaaeb47000 	C:\Program Files\Java\jdk-23\bin\jli.dll
0x00007ffaae8b0000 - 0x00007ffaae8cb000 	C:\Program Files\Java\jdk-23\bin\VCRUNTIME140.dll
0x00007ffab6970000 - 0x00007ffab6b0d000 	C:\WINDOWS\System32\USER32.dll
0x00007ffa9d3b0000 - 0x00007ffa9d64a000 	C:\WINDOWS\WinSxS\amd64_microsoft.windows.common-controls_6595b64144ccf1df_6.0.19041.5794_none_60bcd33171f2783c\COMCTL32.dll
0x00007ffab4df0000 - 0x00007ffab4e12000 	C:\WINDOWS\System32\win32u.dll
0x00007ffab5730000 - 0x00007ffab57ce000 	C:\WINDOWS\System32\msvcrt.dll
0x00007ffab6040000 - 0x00007ffab606b000 	C:\WINDOWS\System32\GDI32.dll
0x00007ffab4cd0000 - 0x00007ffab4dea000 	C:\WINDOWS\System32\gdi32full.dll
0x00007ffab4e70000 - 0x00007ffab4f0d000 	C:\WINDOWS\System32\msvcp_win.dll
0x00007ffab75c0000 - 0x00007ffab75ef000 	C:\WINDOWS\System32\IMM32.DLL
0x00007ffab2720000 - 0x00007ffab272c000 	C:\Program Files\Java\jdk-23\bin\vcruntime140_1.dll
0x00007ffaa1100000 - 0x00007ffaa118e000 	C:\Program Files\Java\jdk-23\bin\msvcp140.dll
0x00007ffa6b240000 - 0x00007ffa6bf8f000 	C:\Program Files\Java\jdk-23\bin\server\jvm.dll
0x00007ffab6b10000 - 0x00007ffab6bbf000 	C:\WINDOWS\System32\ADVAPI32.dll
0x00007ffab6f50000 - 0x00007ffab6fef000 	C:\WINDOWS\System32\sechost.dll
0x00007ffab6070000 - 0x00007ffab6193000 	C:\WINDOWS\System32\RPCRT4.dll
0x00007ffab4f10000 - 0x00007ffab4f37000 	C:\WINDOWS\System32\bcrypt.dll
0x00007ffab7430000 - 0x00007ffab749b000 	C:\WINDOWS\System32\WS2_32.dll
0x00007ffab4b30000 - 0x00007ffab4b7b000 	C:\WINDOWS\SYSTEM32\POWRPROF.dll
0x00007ffaaaef0000 - 0x00007ffaaaefa000 	C:\WINDOWS\SYSTEM32\VERSION.dll
0x00007ffa9b0a0000 - 0x00007ffa9b0c7000 	C:\WINDOWS\SYSTEM32\WINMM.dll
0x00007ffab4b10000 - 0x00007ffab4b22000 	C:\WINDOWS\SYSTEM32\UMPDC.dll
0x00007ffab3540000 - 0x00007ffab3552000 	C:\WINDOWS\SYSTEM32\kernel.appcore.dll
0x00007ffaaf260000 - 0x00007ffaaf26a000 	C:\Program Files\Java\jdk-23\bin\jimage.dll
0x00007ffab1b10000 - 0x00007ffab1d11000 	C:\WINDOWS\SYSTEM32\DBGHELP.DLL
0x00007ffa96e70000 - 0x00007ffa96ea4000 	C:\WINDOWS\SYSTEM32\dbgcore.DLL
0x00007ffab5550000 - 0x00007ffab55d2000 	C:\WINDOWS\System32\bcryptPrimitives.dll
0x00007ffaae880000 - 0x00007ffaae88f000 	C:\Program Files\Java\jdk-23\bin\instrument.dll
0x00007ffaae890000 - 0x00007ffaae8ae000 	C:\Program Files\Java\jdk-23\bin\java.dll
0x00007ffab7190000 - 0x00007ffab72bb000 	C:\WINDOWS\System32\ole32.dll
0x00007ffab6bc0000 - 0x00007ffab6f13000 	C:\WINDOWS\System32\combase.dll
0x00007ffab61a0000 - 0x00007ffab690e000 	C:\WINDOWS\System32\SHELL32.dll

dbghelp: loaded successfully - version: 4.0.5 - missing functions: none
symbol engine: initialized successfully - sym options: 0x614 - pdb path: .;C:\Program Files\Java\jdk-23\bin;C:\WINDOWS\SYSTEM32;C:\WINDOWS\WinSxS\amd64_microsoft.windows.common-controls_6595b64144ccf1df_6.0.19041.5794_none_60bcd33171f2783c;C:\Program Files\Java\jdk-23\bin\server

VM Arguments:
jvm_args: -Dmaven.multiModuleProjectDirectory=C:\Users\HP\IdeaProjects\website\web_library -Djansi.passthrough=true -Dmaven.home=C:\Program Files\JetBrains\IntelliJ IDEA 2023.1.2\plugins\maven\lib\maven3 -Dclassworlds.conf=C:\Program Files\JetBrains\IntelliJ IDEA 2023.1.2\plugins\maven\lib\maven3\bin\m2.conf -Dmaven.ext.class.path=C:\Program Files\JetBrains\IntelliJ IDEA 2023.1.2\plugins\maven\lib\maven-event-listener.jar -javaagent:C:\Program Files\JetBrains\IntelliJ IDEA 2023.1.2\lib\idea_rt.jar=59302:C:\Program Files\JetBrains\IntelliJ IDEA 2023.1.2\bin -Dfile.encoding=UTF-8 -Dsun.stdout.encoding=UTF-8 -Dsun.stderr.encoding=UTF-8 
java_command: org.codehaus.classworlds.Launcher -Didea.version=2023.1.7 clean
java_class_path (initial): C:\Program Files\JetBrains\IntelliJ IDEA 2023.1.2\plugins\maven\lib\maven3\boot\plexus-classworlds-2.6.0.jar;C:\Program Files\JetBrains\IntelliJ IDEA 2023.1.2\plugins\maven\lib\maven3\boot\plexus-classworlds.license
Launcher Type: SUN_STANDARD

[Global flags]
     intx CICompilerCount                          = 3                                         {product} {ergonomic}
     uint ConcGCThreads                            = 1                                         {product} {ergonomic}
     uint G1ConcRefinementThreads                  = 4                                         {product} {ergonomic}
   size_t G1HeapRegionSize                         = 1048576                                   {product} {ergonomic}
   size_t InitialHeapSize                          = 134217728                                 {product} {ergonomic}
   size_t MarkStackSize                            = 4194304                                   {product} {ergonomic}
   size_t MarkStackSizeMax                         = 536870912                                 {product} {ergonomic}
   size_t MaxHeapSize                              = 2118123520                                {product} {ergonomic}
   size_t MinHeapDeltaBytes                        = 1048576                                   {product} {ergonomic}
   size_t MinHeapSize                              = 8388608                                   {product} {ergonomic}
    uintx NonNMethodCodeHeapSize                   = 5832704                                {pd product} {ergonomic}
    uintx NonProfiledCodeHeapSize                  = 122945536                              {pd product} {ergonomic}
    uintx ProfiledCodeHeapSize                     = 122880000                              {pd product} {ergonomic}
    uintx ReservedCodeCacheSize                    = 251658240                              {pd product} {ergonomic}
     bool SegmentedCodeCache                       = true                                      {product} {ergonomic}
   size_t SoftMaxHeapSize                          = 2118123520                             {manageable} {ergonomic}
     bool UseCompressedOops                        = true                           {product lp64_product} {ergonomic}
     bool UseG1GC                                  = true                                      {product} {ergonomic}
     bool UseLargePagesIndividualAllocation        = false                                  {pd product} {ergonomic}

Logging:
Log output configuration:
 #0: stdout all=warning uptime,level,tags foldmultilines=false
 #1: stderr all=off uptime,level,tags foldmultilines=false

Environment Variables:
JAVA_HOME=C:\Program Files\Java\jdk-21
PATH=C:\Program Files\Common Files\Oracle\Java\javapath;C:\WINDOWS\system32;C:\WINDOWS;C:\WINDOWS\System32\Wbem;C:\WINDOWS\System32\WindowsPowerShell\v1.0\;C:\WINDOWS\System32\OpenSSH\;C:\Program Files\apache-maven-3.9.9\bin;C:\Users\HP\payara7\bin;C:\Program Files\Git\cmd;C:\Program Files\Java\jdk-21\bin;C:\Users\HP\AppData\Local\Microsoft\WindowsApps;C:\Users\HP\AppData\Local\Programs\Microsoft VS Code\bin
USERNAME=HP
OS=Windows_NT
PROCESSOR_IDENTIFIER=Intel64 Family 6 Model 78 Stepping 3, GenuineIntel
TMP=C:\Users\HP\AppData\Local\Temp
TEMP=C:\Users\HP\AppData\Local\Temp




Periodic native trim disabled

---------------  S Y S T E M  ---------------

OS:
 Windows 10 , 64 bit Build 19041 (10.0.19041.5794)
OS uptime: 7 days 0:24 hours

CPU: total 4 (initial active 4) (2 cores per cpu, 2 threads per core) family 6 model 78 stepping 3 microcode 0xcc, cx8, cmov, fxsr, ht, mmx, 3dnowpref, sse, sse2, sse3, ssse3, sse4.1, sse4.2, popcnt, lzcnt, tsc, tscinvbit, avx, avx2, aes, erms, clmul, bmi1, bmi2, rtm, adx, fma, vzeroupper, clflush, clflushopt, rdtscp, f16c
Processor Information for the first 4 processors :
  Max Mhz: 2808, Current Mhz: 2607, Mhz Limit: 2583

Memory: 4k page, system-wide physical 8072M (279M free)
TotalPageFile size 32648M (AvailPageFile size 115M)
current process WorkingSet (physical memory assigned to process): 11M, peak: 11M
current process commit charge ("private bytes"): 52M, peak: 180M

vm_info: Java HotSpot(TM) 64-Bit Server VM (23.0.1+11-39) for windows-amd64 JRE (23.0.1+11-39), built on 2024-09-30T07:20:43Z with MS VC++ 17.6 (VS2022)

END.
